2023-08-08 22:38:25.492 ERROR --- [ctor-http-nio-4] c.study.gateway.filters.GlobalPostFilter : 响应包装转换失败，异常信息为：
java.lang.NullPointerException: null
	at com.study.gateway.filters.GlobalPostFilter.responseConversion(GlobalPostFilter.java:101)
	at com.study.gateway.filters.GlobalPostFilter.access$200(GlobalPostFilter.java:43)
	at com.study.gateway.filters.GlobalPostFilter$1.lambda$writeWith$0(GlobalPostFilter.java:85)
	at reactor.core.publisher.FluxMap$MapSubscriber.onNext(FluxMap.java:100)
	at reactor.core.publisher.FluxBuffer$BufferExactSubscriber.onComplete(FluxBuffer.java:179)
	at reactor.core.publisher.FluxMap$MapSubscriber.onComplete(FluxMap.java:136)
	at reactor.core.publisher.FluxPeek$PeekSubscriber.onComplete(FluxPeek.java:252)
	at reactor.core.publisher.FluxMap$MapSubscriber.onComplete(FluxMap.java:136)
	at reactor.netty.channel.FluxReceive.terminateReceiver(FluxReceive.java:450)
	at reactor.netty.channel.FluxReceive.drainReceiver(FluxReceive.java:256)
	at reactor.netty.channel.FluxReceive.onInboundComplete(FluxReceive.java:387)
	at reactor.netty.channel.ChannelOperations.onInboundComplete(ChannelOperations.java:373)
	at reactor.netty.channel.ChannelOperations.terminate(ChannelOperations.java:429)
	at reactor.netty.http.client.HttpClientOperations.onInboundNext(HttpClientOperations.java:655)
	at reactor.netty.channel.ChannelOperationsHandler.channelRead(ChannelOperationsHandler.java:96)
	at io.netty.channel.AbstractChannelHandlerContext.invokeChannelRead(AbstractChannelHandlerContext.java:379)
	at io.netty.channel.AbstractChannelHandlerContext.invokeChannelRead(AbstractChannelHandlerContext.java:365)
	at io.netty.channel.AbstractChannelHandlerContext.fireChannelRead(AbstractChannelHandlerContext.java:357)
	at io.netty.channel.CombinedChannelDuplexHandler$DelegatingChannelHandlerContext.fireChannelRead(CombinedChannelDuplexHandler.java:436)
	at io.netty.handler.codec.ByteToMessageDecoder.fireChannelRead(ByteToMessageDecoder.java:324)
	at io.netty.handler.codec.ByteToMessageDecoder.channelRead(ByteToMessageDecoder.java:296)
	at io.netty.channel.CombinedChannelDuplexHandler.channelRead(CombinedChannelDuplexHandler.java:251)
	at io.netty.channel.AbstractChannelHandlerContext.invokeChannelRead(AbstractChannelHandlerContext.java:379)
	at io.netty.channel.AbstractChannelHandlerContext.invokeChannelRead(AbstractChannelHandlerContext.java:365)
	at io.netty.channel.AbstractChannelHandlerContext.fireChannelRead(AbstractChannelHandlerContext.java:357)
	at io.netty.channel.DefaultChannelPipeline$HeadContext.channelRead(DefaultChannelPipeline.java:1410)
	at io.netty.channel.AbstractChannelHandlerContext.invokeChannelRead(AbstractChannelHandlerContext.java:379)
	at io.netty.channel.AbstractChannelHandlerContext.invokeChannelRead(AbstractChannelHandlerContext.java:365)
	at io.netty.channel.DefaultChannelPipeline.fireChannelRead(DefaultChannelPipeline.java:919)
	at io.netty.channel.nio.AbstractNioByteChannel$NioByteUnsafe.read(AbstractNioByteChannel.java:166)
	at io.netty.channel.nio.NioEventLoop.processSelectedKey(NioEventLoop.java:719)
	at io.netty.channel.nio.NioEventLoop.processSelectedKeysOptimized(NioEventLoop.java:655)
	at io.netty.channel.nio.NioEventLoop.processSelectedKeys(NioEventLoop.java:581)
	at io.netty.channel.nio.NioEventLoop.run(NioEventLoop.java:493)
	at io.netty.util.concurrent.SingleThreadEventExecutor$4.run(SingleThreadEventExecutor.java:989)
	at io.netty.util.internal.ThreadExecutorMap$2.run(ThreadExecutorMap.java:74)
	at io.netty.util.concurrent.FastThreadLocalRunnable.run(FastThreadLocalRunnable.java:30)
	at java.lang.Thread.run(Thread.java:748)
