2023-08-08 22:37:33.166 -  ERROR --- [           main] i.s.c.r.netty.NettyClientChannelManager  : can not get cluster name in registry config 'service.vgroupMapping.default_tx_group', please make sure registry config correct
2023-08-08 22:37:34.874 -  ERROR --- [           main] i.s.c.r.netty.NettyClientChannelManager  : can not get cluster name in registry config 'service.vgroupMapping.default_tx_group', please make sure registry config correct
2023-08-08 22:38:33.153 -  ERROR --- [eoutChecker_1_1] i.s.c.r.netty.NettyClientChannelManager  : can not get cluster name in registry config 'service.vgroupMapping.default_tx_group', please make sure registry config correct
2023-08-08 22:38:33.185 -  ERROR --- [eoutChecker_2_1] i.s.c.r.netty.NettyClientChannelManager  : can not get cluster name in registry config 'service.vgroupMapping.default_tx_group', please make sure registry config correct
2023-08-08 22:38:43.146 -  ERROR --- [eoutChecker_1_1] i.s.c.r.netty.NettyClientChannelManager  : can not get cluster name in registry config 'service.vgroupMapping.default_tx_group', please make sure registry config correct
2023-08-08 22:38:43.193 -  ERROR --- [eoutChecker_2_1] i.s.c.r.netty.NettyClientChannelManager  : can not get cluster name in registry config 'service.vgroupMapping.default_tx_group', please make sure registry config correct
2023-08-08 22:38:53.152 -  ERROR --- [eoutChecker_1_1] i.s.c.r.netty.NettyClientChannelManager  : can not get cluster name in registry config 'service.vgroupMapping.default_tx_group', please make sure registry config correct
2023-08-08 22:38:53.184 -  ERROR --- [eoutChecker_2_1] i.s.c.r.netty.NettyClientChannelManager  : can not get cluster name in registry config 'service.vgroupMapping.default_tx_group', please make sure registry config correct
2023-08-08 22:39:03.161 -  ERROR --- [eoutChecker_1_1] i.s.c.r.netty.NettyClientChannelManager  : can not get cluster name in registry config 'service.vgroupMapping.default_tx_group', please make sure registry config correct
2023-08-08 22:39:03.192 -  ERROR --- [eoutChecker_2_1] i.s.c.r.netty.NettyClientChannelManager  : can not get cluster name in registry config 'service.vgroupMapping.default_tx_group', please make sure registry config correct
2023-08-08 22:39:13.159 -  ERROR --- [eoutChecker_1_1] i.s.c.r.netty.NettyClientChannelManager  : can not get cluster name in registry config 'service.vgroupMapping.default_tx_group', please make sure registry config correct
2023-08-08 22:39:13.190 -  ERROR --- [eoutChecker_2_1] i.s.c.r.netty.NettyClientChannelManager  : can not get cluster name in registry config 'service.vgroupMapping.default_tx_group', please make sure registry config correct
2023-08-08 22:39:23.146 -  ERROR --- [eoutChecker_1_1] i.s.c.r.netty.NettyClientChannelManager  : can not get cluster name in registry config 'service.vgroupMapping.default_tx_group', please make sure registry config correct
2023-08-08 22:39:23.192 -  ERROR --- [eoutChecker_2_1] i.s.c.r.netty.NettyClientChannelManager  : can not get cluster name in registry config 'service.vgroupMapping.default_tx_group', please make sure registry config correct
2023-08-08 22:39:33.157 -  ERROR --- [eoutChecker_1_1] i.s.c.r.netty.NettyClientChannelManager  : can not get cluster name in registry config 'service.vgroupMapping.default_tx_group', please make sure registry config correct
2023-08-08 22:39:33.188 -  ERROR --- [eoutChecker_2_1] i.s.c.r.netty.NettyClientChannelManager  : can not get cluster name in registry config 'service.vgroupMapping.default_tx_group', please make sure registry config correct
2023-08-08 22:39:43.152 -  ERROR --- [eoutChecker_1_1] i.s.c.r.netty.NettyClientChannelManager  : can not get cluster name in registry config 'service.vgroupMapping.default_tx_group', please make sure registry config correct
2023-08-08 22:39:43.198 -  ERROR --- [eoutChecker_2_1] i.s.c.r.netty.NettyClientChannelManager  : can not get cluster name in registry config 'service.vgroupMapping.default_tx_group', please make sure registry config correct
2023-08-08 22:39:53.159 -  ERROR --- [eoutChecker_1_1] i.s.c.r.netty.NettyClientChannelManager  : can not get cluster name in registry config 'service.vgroupMapping.default_tx_group', please make sure registry config correct
2023-08-08 22:39:53.190 -  ERROR --- [eoutChecker_2_1] i.s.c.r.netty.NettyClientChannelManager  : can not get cluster name in registry config 'service.vgroupMapping.default_tx_group', please make sure registry config correct
2023-08-08 22:40:03.149 -  ERROR --- [eoutChecker_1_1] i.s.c.r.netty.NettyClientChannelManager  : can not get cluster name in registry config 'service.vgroupMapping.default_tx_group', please make sure registry config correct
2023-08-08 22:40:03.196 -  ERROR --- [eoutChecker_2_1] i.s.c.r.netty.NettyClientChannelManager  : can not get cluster name in registry config 'service.vgroupMapping.default_tx_group', please make sure registry config correct
2023-08-08 22:40:13.160 -  ERROR --- [eoutChecker_1_1] i.s.c.r.netty.NettyClientChannelManager  : can not get cluster name in registry config 'service.vgroupMapping.default_tx_group', please make sure registry config correct
2023-08-08 22:40:13.191 -  ERROR --- [eoutChecker_2_1] i.s.c.r.netty.NettyClientChannelManager  : can not get cluster name in registry config 'service.vgroupMapping.default_tx_group', please make sure registry config correct
2023-08-08 22:40:23.153 -  ERROR --- [eoutChecker_1_1] i.s.c.r.netty.NettyClientChannelManager  : can not get cluster name in registry config 'service.vgroupMapping.default_tx_group', please make sure registry config correct
2023-08-08 22:40:23.185 -  ERROR --- [eoutChecker_2_1] i.s.c.r.netty.NettyClientChannelManager  : can not get cluster name in registry config 'service.vgroupMapping.default_tx_group', please make sure registry config correct
2023-08-08 22:40:33.156 -  ERROR --- [eoutChecker_1_1] i.s.c.r.netty.NettyClientChannelManager  : can not get cluster name in registry config 'service.vgroupMapping.default_tx_group', please make sure registry config correct
2023-08-08 22:40:33.188 -  ERROR --- [eoutChecker_2_1] i.s.c.r.netty.NettyClientChannelManager  : can not get cluster name in registry config 'service.vgroupMapping.default_tx_group', please make sure registry config correct
2023-08-08 22:40:43.151 -  ERROR --- [eoutChecker_1_1] i.s.c.r.netty.NettyClientChannelManager  : can not get cluster name in registry config 'service.vgroupMapping.default_tx_group', please make sure registry config correct
2023-08-08 22:40:43.199 -  ERROR --- [eoutChecker_2_1] i.s.c.r.netty.NettyClientChannelManager  : can not get cluster name in registry config 'service.vgroupMapping.default_tx_group', please make sure registry config correct
2023-08-08 22:40:53.146 -  ERROR --- [eoutChecker_1_1] i.s.c.r.netty.NettyClientChannelManager  : can not get cluster name in registry config 'service.vgroupMapping.default_tx_group', please make sure registry config correct
2023-08-08 22:40:53.194 -  ERROR --- [eoutChecker_2_1] i.s.c.r.netty.NettyClientChannelManager  : can not get cluster name in registry config 'service.vgroupMapping.default_tx_group', please make sure registry config correct
2023-08-08 22:41:03.148 -  ERROR --- [eoutChecker_1_1] i.s.c.r.netty.NettyClientChannelManager  : can not get cluster name in registry config 'service.vgroupMapping.default_tx_group', please make sure registry config correct
2023-08-08 22:41:03.196 -  ERROR --- [eoutChecker_2_1] i.s.c.r.netty.NettyClientChannelManager  : can not get cluster name in registry config 'service.vgroupMapping.default_tx_group', please make sure registry config correct
2023-08-08 22:41:13.157 -  ERROR --- [eoutChecker_1_1] i.s.c.r.netty.NettyClientChannelManager  : can not get cluster name in registry config 'service.vgroupMapping.default_tx_group', please make sure registry config correct
2023-08-08 22:41:13.188 -  ERROR --- [eoutChecker_2_1] i.s.c.r.netty.NettyClientChannelManager  : can not get cluster name in registry config 'service.vgroupMapping.default_tx_group', please make sure registry config correct
2023-08-08 22:41:23.150 -  ERROR --- [eoutChecker_1_1] i.s.c.r.netty.NettyClientChannelManager  : can not get cluster name in registry config 'service.vgroupMapping.default_tx_group', please make sure registry config correct
2023-08-08 22:41:23.199 -  ERROR --- [eoutChecker_2_1] i.s.c.r.netty.NettyClientChannelManager  : can not get cluster name in registry config 'service.vgroupMapping.default_tx_group', please make sure registry config correct
2023-08-08 22:41:33.146 -  ERROR --- [eoutChecker_1_1] i.s.c.r.netty.NettyClientChannelManager  : can not get cluster name in registry config 'service.vgroupMapping.default_tx_group', please make sure registry config correct
2023-08-08 22:41:33.193 -  ERROR --- [eoutChecker_2_1] i.s.c.r.netty.NettyClientChannelManager  : can not get cluster name in registry config 'service.vgroupMapping.default_tx_group', please make sure registry config correct
2023-08-08 22:41:43.155 -  ERROR --- [eoutChecker_1_1] i.s.c.r.netty.NettyClientChannelManager  : can not get cluster name in registry config 'service.vgroupMapping.default_tx_group', please make sure registry config correct
2023-08-08 22:41:43.194 -  ERROR --- [eoutChecker_2_1] i.s.c.r.netty.NettyClientChannelManager  : can not get cluster name in registry config 'service.vgroupMapping.default_tx_group', please make sure registry config correct
2023-08-08 22:41:53.158 -  ERROR --- [eoutChecker_1_1] i.s.c.r.netty.NettyClientChannelManager  : can not get cluster name in registry config 'service.vgroupMapping.default_tx_group', please make sure registry config correct
2023-08-08 22:41:53.189 -  ERROR --- [eoutChecker_2_1] i.s.c.r.netty.NettyClientChannelManager  : can not get cluster name in registry config 'service.vgroupMapping.default_tx_group', please make sure registry config correct
2023-08-08 22:42:03.155 -  ERROR --- [eoutChecker_1_1] i.s.c.r.netty.NettyClientChannelManager  : can not get cluster name in registry config 'service.vgroupMapping.default_tx_group', please make sure registry config correct
2023-08-08 22:42:03.188 -  ERROR --- [eoutChecker_2_1] i.s.c.r.netty.NettyClientChannelManager  : can not get cluster name in registry config 'service.vgroupMapping.default_tx_group', please make sure registry config correct
2023-08-08 22:42:13.153 -  ERROR --- [eoutChecker_1_1] i.s.c.r.netty.NettyClientChannelManager  : can not get cluster name in registry config 'service.vgroupMapping.default_tx_group', please make sure registry config correct
2023-08-08 22:42:13.185 -  ERROR --- [eoutChecker_2_1] i.s.c.r.netty.NettyClientChannelManager  : can not get cluster name in registry config 'service.vgroupMapping.default_tx_group', please make sure registry config correct
2023-08-08 22:42:23.160 -  ERROR --- [eoutChecker_1_1] i.s.c.r.netty.NettyClientChannelManager  : can not get cluster name in registry config 'service.vgroupMapping.default_tx_group', please make sure registry config correct
2023-08-08 22:42:23.191 -  ERROR --- [eoutChecker_2_1] i.s.c.r.netty.NettyClientChannelManager  : can not get cluster name in registry config 'service.vgroupMapping.default_tx_group', please make sure registry config correct
2023-08-08 22:42:33.155 -  ERROR --- [eoutChecker_1_1] i.s.c.r.netty.NettyClientChannelManager  : can not get cluster name in registry config 'service.vgroupMapping.default_tx_group', please make sure registry config correct
2023-08-08 22:42:33.187 -  ERROR --- [eoutChecker_2_1] i.s.c.r.netty.NettyClientChannelManager  : can not get cluster name in registry config 'service.vgroupMapping.default_tx_group', please make sure registry config correct
2023-08-08 22:42:43.160 -  ERROR --- [eoutChecker_1_1] i.s.c.r.netty.NettyClientChannelManager  : can not get cluster name in registry config 'service.vgroupMapping.default_tx_group', please make sure registry config correct
2023-08-08 22:42:43.192 -  ERROR --- [eoutChecker_2_1] i.s.c.r.netty.NettyClientChannelManager  : can not get cluster name in registry config 'service.vgroupMapping.default_tx_group', please make sure registry config correct
2023-08-08 22:42:53.149 -  ERROR --- [eoutChecker_1_1] i.s.c.r.netty.NettyClientChannelManager  : can not get cluster name in registry config 'service.vgroupMapping.default_tx_group', please make sure registry config correct
2023-08-08 22:42:53.197 -  ERROR --- [eoutChecker_2_1] i.s.c.r.netty.NettyClientChannelManager  : can not get cluster name in registry config 'service.vgroupMapping.default_tx_group', please make sure registry config correct
2023-08-08 22:43:03.157 -  ERROR --- [eoutChecker_1_1] i.s.c.r.netty.NettyClientChannelManager  : can not get cluster name in registry config 'service.vgroupMapping.default_tx_group', please make sure registry config correct
2023-08-08 22:43:03.189 -  ERROR --- [eoutChecker_2_1] i.s.c.r.netty.NettyClientChannelManager  : can not get cluster name in registry config 'service.vgroupMapping.default_tx_group', please make sure registry config correct
2023-08-08 22:43:13.152 -  ERROR --- [eoutChecker_1_1] i.s.c.r.netty.NettyClientChannelManager  : can not get cluster name in registry config 'service.vgroupMapping.default_tx_group', please make sure registry config correct
2023-08-08 22:43:13.199 -  ERROR --- [eoutChecker_2_1] i.s.c.r.netty.NettyClientChannelManager  : can not get cluster name in registry config 'service.vgroupMapping.default_tx_group', please make sure registry config correct
2023-08-08 22:43:23.159 -  ERROR --- [eoutChecker_1_1] i.s.c.r.netty.NettyClientChannelManager  : can not get cluster name in registry config 'service.vgroupMapping.default_tx_group', please make sure registry config correct
2023-08-08 22:43:23.191 -  ERROR --- [eoutChecker_2_1] i.s.c.r.netty.NettyClientChannelManager  : can not get cluster name in registry config 'service.vgroupMapping.default_tx_group', please make sure registry config correct
2023-08-08 22:43:33.156 -  ERROR --- [eoutChecker_1_1] i.s.c.r.netty.NettyClientChannelManager  : can not get cluster name in registry config 'service.vgroupMapping.default_tx_group', please make sure registry config correct
2023-08-08 22:43:33.188 -  ERROR --- [eoutChecker_2_1] i.s.c.r.netty.NettyClientChannelManager  : can not get cluster name in registry config 'service.vgroupMapping.default_tx_group', please make sure registry config correct
2023-08-08 22:43:43.159 -  ERROR --- [eoutChecker_1_1] i.s.c.r.netty.NettyClientChannelManager  : can not get cluster name in registry config 'service.vgroupMapping.default_tx_group', please make sure registry config correct
2023-08-08 22:43:43.190 -  ERROR --- [eoutChecker_2_1] i.s.c.r.netty.NettyClientChannelManager  : can not get cluster name in registry config 'service.vgroupMapping.default_tx_group', please make sure registry config correct
2023-08-08 22:43:53.155 -  ERROR --- [eoutChecker_1_1] i.s.c.r.netty.NettyClientChannelManager  : can not get cluster name in registry config 'service.vgroupMapping.default_tx_group', please make sure registry config correct
2023-08-08 22:43:53.187 -  ERROR --- [eoutChecker_2_1] i.s.c.r.netty.NettyClientChannelManager  : can not get cluster name in registry config 'service.vgroupMapping.default_tx_group', please make sure registry config correct
2023-08-08 22:44:03.160 -  ERROR --- [eoutChecker_1_1] i.s.c.r.netty.NettyClientChannelManager  : can not get cluster name in registry config 'service.vgroupMapping.default_tx_group', please make sure registry config correct
2023-08-08 22:44:03.191 -  ERROR --- [eoutChecker_2_1] i.s.c.r.netty.NettyClientChannelManager  : can not get cluster name in registry config 'service.vgroupMapping.default_tx_group', please make sure registry config correct
2023-08-08 22:44:13.161 -  ERROR --- [eoutChecker_1_1] i.s.c.r.netty.NettyClientChannelManager  : can not get cluster name in registry config 'service.vgroupMapping.default_tx_group', please make sure registry config correct
2023-08-08 22:44:13.193 -  ERROR --- [eoutChecker_2_1] i.s.c.r.netty.NettyClientChannelManager  : can not get cluster name in registry config 'service.vgroupMapping.default_tx_group', please make sure registry config correct
2023-08-08 22:44:23.155 -  ERROR --- [eoutChecker_1_1] i.s.c.r.netty.NettyClientChannelManager  : can not get cluster name in registry config 'service.vgroupMapping.default_tx_group', please make sure registry config correct
2023-08-08 22:44:23.186 -  ERROR --- [eoutChecker_2_1] i.s.c.r.netty.NettyClientChannelManager  : can not get cluster name in registry config 'service.vgroupMapping.default_tx_group', please make sure registry config correct
2023-08-08 22:44:33.146 -  ERROR --- [eoutChecker_1_1] i.s.c.r.netty.NettyClientChannelManager  : can not get cluster name in registry config 'service.vgroupMapping.default_tx_group', please make sure registry config correct
2023-08-08 22:44:33.193 -  ERROR --- [eoutChecker_2_1] i.s.c.r.netty.NettyClientChannelManager  : can not get cluster name in registry config 'service.vgroupMapping.default_tx_group', please make sure registry config correct
2023-08-08 22:44:43.148 -  ERROR --- [eoutChecker_1_1] i.s.c.r.netty.NettyClientChannelManager  : can not get cluster name in registry config 'service.vgroupMapping.default_tx_group', please make sure registry config correct
2023-08-08 22:44:43.195 -  ERROR --- [eoutChecker_2_1] i.s.c.r.netty.NettyClientChannelManager  : can not get cluster name in registry config 'service.vgroupMapping.default_tx_group', please make sure registry config correct
2023-08-08 22:44:53.150 -  ERROR --- [eoutChecker_1_1] i.s.c.r.netty.NettyClientChannelManager  : can not get cluster name in registry config 'service.vgroupMapping.default_tx_group', please make sure registry config correct
2023-08-08 22:44:53.197 -  ERROR --- [eoutChecker_2_1] i.s.c.r.netty.NettyClientChannelManager  : can not get cluster name in registry config 'service.vgroupMapping.default_tx_group', please make sure registry config correct
2023-08-08 22:45:03.158 -  ERROR --- [           main] i.s.c.r.netty.NettyClientChannelManager  : can not get cluster name in registry config 'service.vgroupMapping.default_tx_group', please make sure registry config correct
2023-08-08 22:45:04.728 -  ERROR --- [           main] i.s.c.r.netty.NettyClientChannelManager  : can not get cluster name in registry config 'service.vgroupMapping.default_tx_group', please make sure registry config correct
2023-08-08 22:46:09.346 -  ERROR --- [           main] i.s.c.r.netty.NettyClientChannelManager  : can not get cluster name in registry config 'service.vgroupMapping.default_tx_group', please make sure registry config correct
2023-08-08 22:46:10.981 -  ERROR --- [           main] i.s.c.r.netty.NettyClientChannelManager  : can not get cluster name in registry config 'service.vgroupMapping.default_tx_group', please make sure registry config correct
2023-08-08 22:47:09.332 -  ERROR --- [eoutChecker_1_1] i.s.c.r.netty.NettyClientChannelManager  : can not get cluster name in registry config 'service.vgroupMapping.default_tx_group', please make sure registry config correct
2023-08-08 22:47:09.364 -  ERROR --- [eoutChecker_2_1] i.s.c.r.netty.NettyClientChannelManager  : can not get cluster name in registry config 'service.vgroupMapping.default_tx_group', please make sure registry config correct
2023-08-08 22:47:19.328 -  ERROR --- [eoutChecker_1_1] i.s.c.r.netty.NettyClientChannelManager  : can not get cluster name in registry config 'service.vgroupMapping.default_tx_group', please make sure registry config correct
2023-08-08 22:47:19.361 -  ERROR --- [eoutChecker_2_1] i.s.c.r.netty.NettyClientChannelManager  : can not get cluster name in registry config 'service.vgroupMapping.default_tx_group', please make sure registry config correct
2023-08-08 22:47:29.338 -  ERROR --- [eoutChecker_1_1] i.s.c.r.netty.NettyClientChannelManager  : can not get cluster name in registry config 'service.vgroupMapping.default_tx_group', please make sure registry config correct
2023-08-08 22:47:29.368 -  ERROR --- [eoutChecker_2_1] i.s.c.r.netty.NettyClientChannelManager  : can not get cluster name in registry config 'service.vgroupMapping.default_tx_group', please make sure registry config correct
2023-08-08 22:47:39.340 -  ERROR --- [eoutChecker_1_1] i.s.c.r.netty.NettyClientChannelManager  : can not get cluster name in registry config 'service.vgroupMapping.default_tx_group', please make sure registry config correct
2023-08-08 22:47:39.372 -  ERROR --- [eoutChecker_2_1] i.s.c.r.netty.NettyClientChannelManager  : can not get cluster name in registry config 'service.vgroupMapping.default_tx_group', please make sure registry config correct
2023-08-08 22:47:53.979 -  ERROR --- [           main] i.s.c.r.netty.NettyClientChannelManager  : can not get cluster name in registry config 'service.vgroupMapping.default_tx_group', please make sure registry config correct
2023-08-08 22:47:55.499 -  ERROR --- [           main] i.s.c.r.netty.NettyClientChannelManager  : can not get cluster name in registry config 'service.vgroupMapping.default_tx_group', please make sure registry config correct
2023-08-08 22:48:53.974 -  ERROR --- [eoutChecker_1_1] i.s.c.r.netty.NettyClientChannelManager  : can not get cluster name in registry config 'service.vgroupMapping.default_tx_group', please make sure registry config correct
2023-08-08 22:48:54.006 -  ERROR --- [eoutChecker_2_1] i.s.c.r.netty.NettyClientChannelManager  : can not get cluster name in registry config 'service.vgroupMapping.default_tx_group', please make sure registry config correct
2023-08-08 22:49:03.970 -  ERROR --- [eoutChecker_1_1] i.s.c.r.netty.NettyClientChannelManager  : can not get cluster name in registry config 'service.vgroupMapping.default_tx_group', please make sure registry config correct
2023-08-08 22:49:04.000 -  ERROR --- [eoutChecker_2_1] i.s.c.r.netty.NettyClientChannelManager  : can not get cluster name in registry config 'service.vgroupMapping.default_tx_group', please make sure registry config correct
2023-08-08 22:49:13.978 -  ERROR --- [eoutChecker_1_1] i.s.c.r.netty.NettyClientChannelManager  : can not get cluster name in registry config 'service.vgroupMapping.default_tx_group', please make sure registry config correct
2023-08-08 22:49:13.994 -  ERROR --- [eoutChecker_2_1] i.s.c.r.netty.NettyClientChannelManager  : can not get cluster name in registry config 'service.vgroupMapping.default_tx_group', please make sure registry config correct
2023-08-08 22:49:23.967 -  ERROR --- [eoutChecker_1_1] i.s.c.r.netty.NettyClientChannelManager  : can not get cluster name in registry config 'service.vgroupMapping.default_tx_group', please make sure registry config correct
2023-08-08 22:49:23.999 -  ERROR --- [eoutChecker_2_1] i.s.c.r.netty.NettyClientChannelManager  : can not get cluster name in registry config 'service.vgroupMapping.default_tx_group', please make sure registry config correct
2023-08-08 22:49:33.966 -  ERROR --- [eoutChecker_1_1] i.s.c.r.netty.NettyClientChannelManager  : can not get cluster name in registry config 'service.vgroupMapping.default_tx_group', please make sure registry config correct
2023-08-08 22:49:33.997 -  ERROR --- [eoutChecker_2_1] i.s.c.r.netty.NettyClientChannelManager  : can not get cluster name in registry config 'service.vgroupMapping.default_tx_group', please make sure registry config correct
2023-08-08 22:49:43.971 -  ERROR --- [eoutChecker_1_1] i.s.c.r.netty.NettyClientChannelManager  : can not get cluster name in registry config 'service.vgroupMapping.default_tx_group', please make sure registry config correct
2023-08-08 22:49:44.002 -  ERROR --- [eoutChecker_2_1] i.s.c.r.netty.NettyClientChannelManager  : can not get cluster name in registry config 'service.vgroupMapping.default_tx_group', please make sure registry config correct
2023-08-08 22:49:53.968 -  ERROR --- [eoutChecker_1_1] i.s.c.r.netty.NettyClientChannelManager  : can not get cluster name in registry config 'service.vgroupMapping.default_tx_group', please make sure registry config correct
2023-08-08 22:49:54.000 -  ERROR --- [eoutChecker_2_1] i.s.c.r.netty.NettyClientChannelManager  : can not get cluster name in registry config 'service.vgroupMapping.default_tx_group', please make sure registry config correct
2023-08-08 22:50:03.976 -  ERROR --- [eoutChecker_1_1] i.s.c.r.netty.NettyClientChannelManager  : can not get cluster name in registry config 'service.vgroupMapping.default_tx_group', please make sure registry config correct
2023-08-08 22:50:04.006 -  ERROR --- [eoutChecker_2_1] i.s.c.r.netty.NettyClientChannelManager  : can not get cluster name in registry config 'service.vgroupMapping.default_tx_group', please make sure registry config correct
2023-08-08 22:50:13.979 -  ERROR --- [eoutChecker_1_1] i.s.c.r.netty.NettyClientChannelManager  : can not get cluster name in registry config 'service.vgroupMapping.default_tx_group', please make sure registry config correct
2023-08-08 22:50:13.995 -  ERROR --- [eoutChecker_2_1] i.s.c.r.netty.NettyClientChannelManager  : can not get cluster name in registry config 'service.vgroupMapping.default_tx_group', please make sure registry config correct
2023-08-08 22:50:25.579 -  ERROR - [           main] i.s.c.r.netty.NettyClientChannelManager  : can not get cluster name in registry config 'service.vgroupMapping.default_tx_group', please make sure registry config correct
2023-08-08 22:50:27.149 -  ERROR - [           main] i.s.c.r.netty.NettyClientChannelManager  : can not get cluster name in registry config 'service.vgroupMapping.default_tx_group', please make sure registry config correct
2023-08-08 22:51:25.570 -  ERROR - [eoutChecker_1_1] i.s.c.r.netty.NettyClientChannelManager  : can not get cluster name in registry config 'service.vgroupMapping.default_tx_group', please make sure registry config correct
2023-08-08 22:51:25.602 -  ERROR - [eoutChecker_2_1] i.s.c.r.netty.NettyClientChannelManager  : can not get cluster name in registry config 'service.vgroupMapping.default_tx_group', please make sure registry config correct
2023-08-08 22:51:35.570 -  ERROR - [eoutChecker_1_1] i.s.c.r.netty.NettyClientChannelManager  : can not get cluster name in registry config 'service.vgroupMapping.default_tx_group', please make sure registry config correct
2023-08-08 22:51:35.602 -  ERROR - [eoutChecker_2_1] i.s.c.r.netty.NettyClientChannelManager  : can not get cluster name in registry config 'service.vgroupMapping.default_tx_group', please make sure registry config correct
2023-08-08 22:51:45.569 -  ERROR - [eoutChecker_1_1] i.s.c.r.netty.NettyClientChannelManager  : can not get cluster name in registry config 'service.vgroupMapping.default_tx_group', please make sure registry config correct
2023-08-08 22:51:45.600 -  ERROR - [eoutChecker_2_1] i.s.c.r.netty.NettyClientChannelManager  : can not get cluster name in registry config 'service.vgroupMapping.default_tx_group', please make sure registry config correct
2023-08-08 22:51:55.577 -  ERROR - [eoutChecker_1_1] i.s.c.r.netty.NettyClientChannelManager  : can not get cluster name in registry config 'service.vgroupMapping.default_tx_group', please make sure registry config correct
2023-08-08 22:51:55.593 -  ERROR - [eoutChecker_2_1] i.s.c.r.netty.NettyClientChannelManager  : can not get cluster name in registry config 'service.vgroupMapping.default_tx_group', please make sure registry config correct
2023-08-08 22:52:05.570 -  ERROR - [eoutChecker_1_1] i.s.c.r.netty.NettyClientChannelManager  : can not get cluster name in registry config 'service.vgroupMapping.default_tx_group', please make sure registry config correct
2023-08-08 22:52:05.600 -  ERROR - [eoutChecker_2_1] i.s.c.r.netty.NettyClientChannelManager  : can not get cluster name in registry config 'service.vgroupMapping.default_tx_group', please make sure registry config correct
2023-08-08 22:52:15.578 -  ERROR - [eoutChecker_1_1] i.s.c.r.netty.NettyClientChannelManager  : can not get cluster name in registry config 'service.vgroupMapping.default_tx_group', please make sure registry config correct
2023-08-08 22:52:15.593 -  ERROR - [eoutChecker_2_1] i.s.c.r.netty.NettyClientChannelManager  : can not get cluster name in registry config 'service.vgroupMapping.default_tx_group', please make sure registry config correct
2023-08-08 22:52:25.572 -  ERROR - [eoutChecker_1_1] i.s.c.r.netty.NettyClientChannelManager  : can not get cluster name in registry config 'service.vgroupMapping.default_tx_group', please make sure registry config correct
2023-08-08 22:52:25.604 -  ERROR - [eoutChecker_2_1] i.s.c.r.netty.NettyClientChannelManager  : can not get cluster name in registry config 'service.vgroupMapping.default_tx_group', please make sure registry config correct
2023-08-08 22:52:35.573 -  ERROR - [eoutChecker_1_1] i.s.c.r.netty.NettyClientChannelManager  : can not get cluster name in registry config 'service.vgroupMapping.default_tx_group', please make sure registry config correct
2023-08-08 22:52:35.606 -  ERROR - [eoutChecker_2_1] i.s.c.r.netty.NettyClientChannelManager  : can not get cluster name in registry config 'service.vgroupMapping.default_tx_group', please make sure registry config correct
2023-08-08 22:52:45.576 -  ERROR - [eoutChecker_1_1] i.s.c.r.netty.NettyClientChannelManager  : can not get cluster name in registry config 'service.vgroupMapping.default_tx_group', please make sure registry config correct
2023-08-08 22:52:45.608 -  ERROR - [eoutChecker_2_1] i.s.c.r.netty.NettyClientChannelManager  : can not get cluster name in registry config 'service.vgroupMapping.default_tx_group', please make sure registry config correct
2023-08-08 22:52:55.572 -  ERROR - [eoutChecker_1_1] i.s.c.r.netty.NettyClientChannelManager  : can not get cluster name in registry config 'service.vgroupMapping.default_tx_group', please make sure registry config correct
2023-08-08 22:52:55.604 -  ERROR - [eoutChecker_2_1] i.s.c.r.netty.NettyClientChannelManager  : can not get cluster name in registry config 'service.vgroupMapping.default_tx_group', please make sure registry config correct
2023-08-08 22:53:05.570 -  ERROR - [eoutChecker_1_1] i.s.c.r.netty.NettyClientChannelManager  : can not get cluster name in registry config 'service.vgroupMapping.default_tx_group', please make sure registry config correct
2023-08-08 22:53:05.602 -  ERROR - [eoutChecker_2_1] i.s.c.r.netty.NettyClientChannelManager  : can not get cluster name in registry config 'service.vgroupMapping.default_tx_group', please make sure registry config correct
2023-08-08 22:53:15.577 -  ERROR - [eoutChecker_1_1] i.s.c.r.netty.NettyClientChannelManager  : can not get cluster name in registry config 'service.vgroupMapping.default_tx_group', please make sure registry config correct
2023-08-08 22:53:15.593 -  ERROR - [eoutChecker_2_1] i.s.c.r.netty.NettyClientChannelManager  : can not get cluster name in registry config 'service.vgroupMapping.default_tx_group', please make sure registry config correct
2023-08-08 22:55:39.485 -  ERROR - [           main] i.s.c.r.netty.NettyClientChannelManager  : can not get cluster name in registry config 'service.vgroupMapping.default_tx_group', please make sure registry config correct
2023-08-08 22:55:41.110 -  ERROR - [           main] i.s.c.r.netty.NettyClientChannelManager  : can not get cluster name in registry config 'service.vgroupMapping.default_tx_group', please make sure registry config correct
2023-08-08 22:56:39.481 -  ERROR - [eoutChecker_1_1] i.s.c.r.netty.NettyClientChannelManager  : can not get cluster name in registry config 'service.vgroupMapping.default_tx_group', please make sure registry config correct
2023-08-08 22:56:39.512 -  ERROR - [eoutChecker_2_1] i.s.c.r.netty.NettyClientChannelManager  : can not get cluster name in registry config 'service.vgroupMapping.default_tx_group', please make sure registry config correct
2023-08-08 23:07:00.101 -  ERROR - [           main] i.s.c.r.netty.NettyClientChannelManager  : can not get cluster name in registry config 'service.vgroupMapping.default_tx_group', please make sure registry config correct
2023-08-08 23:07:01.687 -  ERROR - [           main] i.s.c.r.netty.NettyClientChannelManager  : can not get cluster name in registry config 'service.vgroupMapping.default_tx_group', please make sure registry config correct
2023-08-08 23:08:00.086 -  ERROR - [eoutChecker_1_1] i.s.c.r.netty.NettyClientChannelManager  : can not get cluster name in registry config 'service.vgroupMapping.default_tx_group', please make sure registry config correct
2023-08-08 23:08:00.118 -  ERROR - [eoutChecker_2_1] i.s.c.r.netty.NettyClientChannelManager  : can not get cluster name in registry config 'service.vgroupMapping.default_tx_group', please make sure registry config correct
2023-08-08 23:08:10.088 -  ERROR - [eoutChecker_1_1] i.s.c.r.netty.NettyClientChannelManager  : can not get cluster name in registry config 'service.vgroupMapping.default_tx_group', please make sure registry config correct
2023-08-08 23:08:10.119 -  ERROR - [eoutChecker_2_1] i.s.c.r.netty.NettyClientChannelManager  : can not get cluster name in registry config 'service.vgroupMapping.default_tx_group', please make sure registry config correct
2023-08-08 23:08:20.099 -  ERROR - [eoutChecker_1_1] i.s.c.r.netty.NettyClientChannelManager  : can not get cluster name in registry config 'service.vgroupMapping.default_tx_group', please make sure registry config correct
2023-08-08 23:08:20.114 -  ERROR - [eoutChecker_2_1] i.s.c.r.netty.NettyClientChannelManager  : can not get cluster name in registry config 'service.vgroupMapping.default_tx_group', please make sure registry config correct
2023-08-08 23:08:30.098 -  ERROR - [eoutChecker_1_1] i.s.c.r.netty.NettyClientChannelManager  : can not get cluster name in registry config 'service.vgroupMapping.default_tx_group', please make sure registry config correct
2023-08-08 23:08:30.129 -  ERROR - [eoutChecker_2_1] i.s.c.r.netty.NettyClientChannelManager  : can not get cluster name in registry config 'service.vgroupMapping.default_tx_group', please make sure registry config correct
2023-08-08 23:08:40.094 -  ERROR - [eoutChecker_1_1] i.s.c.r.netty.NettyClientChannelManager  : can not get cluster name in registry config 'service.vgroupMapping.default_tx_group', please make sure registry config correct
2023-08-08 23:08:40.124 -  ERROR - [eoutChecker_2_1] i.s.c.r.netty.NettyClientChannelManager  : can not get cluster name in registry config 'service.vgroupMapping.default_tx_group', please make sure registry config correct
2023-08-08 23:08:50.093 -  ERROR - [eoutChecker_1_1] i.s.c.r.netty.NettyClientChannelManager  : can not get cluster name in registry config 'service.vgroupMapping.default_tx_group', please make sure registry config correct
2023-08-08 23:08:50.124 -  ERROR - [eoutChecker_2_1] i.s.c.r.netty.NettyClientChannelManager  : can not get cluster name in registry config 'service.vgroupMapping.default_tx_group', please make sure registry config correct
2023-08-08 23:09:00.088 -  ERROR - [eoutChecker_1_1] i.s.c.r.netty.NettyClientChannelManager  : can not get cluster name in registry config 'service.vgroupMapping.default_tx_group', please make sure registry config correct
2023-08-08 23:09:00.120 -  ERROR - [eoutChecker_2_1] i.s.c.r.netty.NettyClientChannelManager  : can not get cluster name in registry config 'service.vgroupMapping.default_tx_group', please make sure registry config correct
2023-08-08 23:09:10.099 -  ERROR - [eoutChecker_1_1] i.s.c.r.netty.NettyClientChannelManager  : can not get cluster name in registry config 'service.vgroupMapping.default_tx_group', please make sure registry config correct
2023-08-08 23:09:10.114 -  ERROR - [eoutChecker_2_1] i.s.c.r.netty.NettyClientChannelManager  : can not get cluster name in registry config 'service.vgroupMapping.default_tx_group', please make sure registry config correct
2023-08-08 23:09:20.099 -  ERROR - [eoutChecker_1_1] i.s.c.r.netty.NettyClientChannelManager  : can not get cluster name in registry config 'service.vgroupMapping.default_tx_group', please make sure registry config correct
2023-08-08 23:09:20.115 -  ERROR - [eoutChecker_2_1] i.s.c.r.netty.NettyClientChannelManager  : can not get cluster name in registry config 'service.vgroupMapping.default_tx_group', please make sure registry config correct
2023-08-08 23:09:30.088 -  ERROR - [eoutChecker_1_1] i.s.c.r.netty.NettyClientChannelManager  : can not get cluster name in registry config 'service.vgroupMapping.default_tx_group', please make sure registry config correct
2023-08-08 23:09:30.119 -  ERROR - [eoutChecker_2_1] i.s.c.r.netty.NettyClientChannelManager  : can not get cluster name in registry config 'service.vgroupMapping.default_tx_group', please make sure registry config correct
2023-08-08 23:09:40.088 -  ERROR - [eoutChecker_1_1] i.s.c.r.netty.NettyClientChannelManager  : can not get cluster name in registry config 'service.vgroupMapping.default_tx_group', please make sure registry config correct
2023-08-08 23:09:40.119 -  ERROR - [eoutChecker_2_1] i.s.c.r.netty.NettyClientChannelManager  : can not get cluster name in registry config 'service.vgroupMapping.default_tx_group', please make sure registry config correct
2023-08-08 23:09:50.088 -  ERROR - [eoutChecker_1_1] i.s.c.r.netty.NettyClientChannelManager  : can not get cluster name in registry config 'service.vgroupMapping.default_tx_group', please make sure registry config correct
2023-08-08 23:09:50.118 -  ERROR - [eoutChecker_2_1] i.s.c.r.netty.NettyClientChannelManager  : can not get cluster name in registry config 'service.vgroupMapping.default_tx_group', please make sure registry config correct
2023-08-08 23:10:00.096 -  ERROR - [eoutChecker_1_1] i.s.c.r.netty.NettyClientChannelManager  : can not get cluster name in registry config 'service.vgroupMapping.default_tx_group', please make sure registry config correct
2023-08-08 23:10:00.129 -  ERROR - [eoutChecker_2_1] i.s.c.r.netty.NettyClientChannelManager  : can not get cluster name in registry config 'service.vgroupMapping.default_tx_group', please make sure registry config correct
2023-08-08 23:10:10.094 -  ERROR - [eoutChecker_1_1] i.s.c.r.netty.NettyClientChannelManager  : can not get cluster name in registry config 'service.vgroupMapping.default_tx_group', please make sure registry config correct
2023-08-08 23:10:10.126 -  ERROR - [eoutChecker_2_1] i.s.c.r.netty.NettyClientChannelManager  : can not get cluster name in registry config 'service.vgroupMapping.default_tx_group', please make sure registry config correct
2023-08-08 23:10:20.096 -  ERROR - [eoutChecker_1_1] i.s.c.r.netty.NettyClientChannelManager  : can not get cluster name in registry config 'service.vgroupMapping.default_tx_group', please make sure registry config correct
2023-08-08 23:10:20.126 -  ERROR - [eoutChecker_2_1] i.s.c.r.netty.NettyClientChannelManager  : can not get cluster name in registry config 'service.vgroupMapping.default_tx_group', please make sure registry config correct
2023-08-08 23:10:30.098 -  ERROR - [eoutChecker_1_1] i.s.c.r.netty.NettyClientChannelManager  : can not get cluster name in registry config 'service.vgroupMapping.default_tx_group', please make sure registry config correct
2023-08-08 23:10:30.129 -  ERROR - [eoutChecker_2_1] i.s.c.r.netty.NettyClientChannelManager  : can not get cluster name in registry config 'service.vgroupMapping.default_tx_group', please make sure registry config correct
2023-08-08 23:10:40.095 -  ERROR - [eoutChecker_1_1] i.s.c.r.netty.NettyClientChannelManager  : can not get cluster name in registry config 'service.vgroupMapping.default_tx_group', please make sure registry config correct
2023-08-08 23:10:40.126 -  ERROR - [eoutChecker_2_1] i.s.c.r.netty.NettyClientChannelManager  : can not get cluster name in registry config 'service.vgroupMapping.default_tx_group', please make sure registry config correct
2023-08-08 23:10:50.097 -  ERROR - [eoutChecker_1_1] i.s.c.r.netty.NettyClientChannelManager  : can not get cluster name in registry config 'service.vgroupMapping.default_tx_group', please make sure registry config correct
2023-08-08 23:10:50.128 -  ERROR - [eoutChecker_2_1] i.s.c.r.netty.NettyClientChannelManager  : can not get cluster name in registry config 'service.vgroupMapping.default_tx_group', please make sure registry config correct
2023-08-08 23:11:00.093 -  ERROR - [eoutChecker_1_1] i.s.c.r.netty.NettyClientChannelManager  : can not get cluster name in registry config 'service.vgroupMapping.default_tx_group', please make sure registry config correct
2023-08-08 23:11:00.124 -  ERROR - [eoutChecker_2_1] i.s.c.r.netty.NettyClientChannelManager  : can not get cluster name in registry config 'service.vgroupMapping.default_tx_group', please make sure registry config correct
2023-08-08 23:11:10.088 -  ERROR - [eoutChecker_1_1] i.s.c.r.netty.NettyClientChannelManager  : can not get cluster name in registry config 'service.vgroupMapping.default_tx_group', please make sure registry config correct
2023-08-08 23:11:10.120 -  ERROR - [eoutChecker_2_1] i.s.c.r.netty.NettyClientChannelManager  : can not get cluster name in registry config 'service.vgroupMapping.default_tx_group', please make sure registry config correct
2023-08-08 23:11:20.087 -  ERROR - [eoutChecker_1_1] i.s.c.r.netty.NettyClientChannelManager  : can not get cluster name in registry config 'service.vgroupMapping.default_tx_group', please make sure registry config correct
2023-08-08 23:11:20.119 -  ERROR - [eoutChecker_2_1] i.s.c.r.netty.NettyClientChannelManager  : can not get cluster name in registry config 'service.vgroupMapping.default_tx_group', please make sure registry config correct
2023-08-08 23:11:30.095 -  ERROR - [eoutChecker_1_1] i.s.c.r.netty.NettyClientChannelManager  : can not get cluster name in registry config 'service.vgroupMapping.default_tx_group', please make sure registry config correct
2023-08-08 23:11:30.124 -  ERROR - [eoutChecker_2_1] i.s.c.r.netty.NettyClientChannelManager  : can not get cluster name in registry config 'service.vgroupMapping.default_tx_group', please make sure registry config correct
2023-08-08 23:11:40.095 -  ERROR - [eoutChecker_1_1] i.s.c.r.netty.NettyClientChannelManager  : can not get cluster name in registry config 'service.vgroupMapping.default_tx_group', please make sure registry config correct
2023-08-08 23:11:40.127 -  ERROR - [eoutChecker_2_1] i.s.c.r.netty.NettyClientChannelManager  : can not get cluster name in registry config 'service.vgroupMapping.default_tx_group', please make sure registry config correct
2023-08-08 23:11:50.096 -  ERROR - [eoutChecker_1_1] i.s.c.r.netty.NettyClientChannelManager  : can not get cluster name in registry config 'service.vgroupMapping.default_tx_group', please make sure registry config correct
2023-08-08 23:11:50.128 -  ERROR - [eoutChecker_2_1] i.s.c.r.netty.NettyClientChannelManager  : can not get cluster name in registry config 'service.vgroupMapping.default_tx_group', please make sure registry config correct
2023-08-08 23:12:00.093 -  ERROR - [eoutChecker_1_1] i.s.c.r.netty.NettyClientChannelManager  : can not get cluster name in registry config 'service.vgroupMapping.default_tx_group', please make sure registry config correct
2023-08-08 23:12:00.124 -  ERROR - [eoutChecker_2_1] i.s.c.r.netty.NettyClientChannelManager  : can not get cluster name in registry config 'service.vgroupMapping.default_tx_group', please make sure registry config correct
2023-08-08 23:12:07.823 -  ERROR - [           main] o.springframework.boot.SpringApplication : Application run failed
java.lang.IllegalStateException: Logback configuration error detected: 
ERROR in ch.qos.logback.core.joran.action.PropertyAction - In <property> element, either the "file" attribute alone, or the "resource" element alone, or both the "name" and "value" attributes must be set.
	at org.springframework.boot.logging.logback.LogbackLoggingSystem.loadConfiguration(LogbackLoggingSystem.java:169)
	at org.springframework.boot.logging.AbstractLoggingSystem.initializeWithConventions(AbstractLoggingSystem.java:80)
	at org.springframework.boot.logging.AbstractLoggingSystem.initialize(AbstractLoggingSystem.java:60)
	at org.springframework.boot.logging.logback.LogbackLoggingSystem.initialize(LogbackLoggingSystem.java:118)
	at org.springframework.boot.context.logging.LoggingApplicationListener.initializeSystem(LoggingApplicationListener.java:306)
	at org.springframework.boot.context.logging.LoggingApplicationListener.initialize(LoggingApplicationListener.java:281)
	at org.springframework.boot.context.logging.LoggingApplicationListener.onApplicationEnvironmentPreparedEvent(LoggingApplicationListener.java:239)
	at org.springframework.boot.context.logging.LoggingApplicationListener.onApplicationEvent(LoggingApplicationListener.java:216)
	at org.springframework.context.event.SimpleApplicationEventMulticaster.doInvokeListener(SimpleApplicationEventMulticaster.java:172)
	at org.springframework.context.event.SimpleApplicationEventMulticaster.invokeListener(SimpleApplicationEventMulticaster.java:165)
	at org.springframework.context.event.SimpleApplicationEventMulticaster.multicastEvent(SimpleApplicationEventMulticaster.java:139)
	at org.springframework.context.event.SimpleApplicationEventMulticaster.multicastEvent(SimpleApplicationEventMulticaster.java:127)
	at org.springframework.boot.context.event.EventPublishingRunListener.environmentPrepared(EventPublishingRunListener.java:80)
	at org.springframework.boot.SpringApplicationRunListeners.environmentPrepared(SpringApplicationRunListeners.java:53)
	at org.springframework.boot.SpringApplication.prepareEnvironment(SpringApplication.java:342)
	at org.springframework.boot.SpringApplication.run(SpringApplication.java:307)
	at org.springframework.boot.builder.SpringApplicationBuilder.run(SpringApplicationBuilder.java:140)
	at org.springframework.cloud.bootstrap.BootstrapApplicationListener.bootstrapServiceContext(BootstrapApplicationListener.java:212)
	at org.springframework.cloud.bootstrap.BootstrapApplicationListener.onApplicationEvent(BootstrapApplicationListener.java:117)
	at org.springframework.cloud.bootstrap.BootstrapApplicationListener.onApplicationEvent(BootstrapApplicationListener.java:74)
	at org.springframework.context.event.SimpleApplicationEventMulticaster.doInvokeListener(SimpleApplicationEventMulticaster.java:172)
	at org.springframework.context.event.SimpleApplicationEventMulticaster.invokeListener(SimpleApplicationEventMulticaster.java:165)
	at org.springframework.context.event.SimpleApplicationEventMulticaster.multicastEvent(SimpleApplicationEventMulticaster.java:139)
	at org.springframework.context.event.SimpleApplicationEventMulticaster.multicastEvent(SimpleApplicationEventMulticaster.java:127)
	at org.springframework.boot.context.event.EventPublishingRunListener.environmentPrepared(EventPublishingRunListener.java:80)
	at org.springframework.boot.SpringApplicationRunListeners.environmentPrepared(SpringApplicationRunListeners.java:53)
	at org.springframework.boot.SpringApplication.prepareEnvironment(SpringApplication.java:342)
	at org.springframework.boot.SpringApplication.run(SpringApplication.java:307)
	at org.springframework.boot.SpringApplication.run(SpringApplication.java:1247)
	at org.springframework.boot.SpringApplication.run(SpringApplication.java:1236)
	at com.study.OrderApplication.main(OrderApplication.java:32)
2023-08-08 23:12:07.826 -  ERROR - [           main] o.springframework.boot.SpringApplication : Application run failed
java.lang.IllegalStateException: Logback configuration error detected: 
ERROR in ch.qos.logback.core.joran.action.PropertyAction - In <property> element, either the "file" attribute alone, or the "resource" element alone, or both the "name" and "value" attributes must be set.
	at org.springframework.boot.logging.logback.LogbackLoggingSystem.loadConfiguration(LogbackLoggingSystem.java:169)
	at org.springframework.boot.logging.AbstractLoggingSystem.initializeWithConventions(AbstractLoggingSystem.java:80)
	at org.springframework.boot.logging.AbstractLoggingSystem.initialize(AbstractLoggingSystem.java:60)
	at org.springframework.boot.logging.logback.LogbackLoggingSystem.initialize(LogbackLoggingSystem.java:118)
	at org.springframework.boot.context.logging.LoggingApplicationListener.initializeSystem(LoggingApplicationListener.java:306)
	at org.springframework.boot.context.logging.LoggingApplicationListener.initialize(LoggingApplicationListener.java:281)
	at org.springframework.boot.context.logging.LoggingApplicationListener.onApplicationEnvironmentPreparedEvent(LoggingApplicationListener.java:239)
	at org.springframework.boot.context.logging.LoggingApplicationListener.onApplicationEvent(LoggingApplicationListener.java:216)
	at org.springframework.context.event.SimpleApplicationEventMulticaster.doInvokeListener(SimpleApplicationEventMulticaster.java:172)
	at org.springframework.context.event.SimpleApplicationEventMulticaster.invokeListener(SimpleApplicationEventMulticaster.java:165)
	at org.springframework.context.event.SimpleApplicationEventMulticaster.multicastEvent(SimpleApplicationEventMulticaster.java:139)
	at org.springframework.context.event.SimpleApplicationEventMulticaster.multicastEvent(SimpleApplicationEventMulticaster.java:127)
	at org.springframework.boot.context.event.EventPublishingRunListener.environmentPrepared(EventPublishingRunListener.java:80)
	at org.springframework.boot.SpringApplicationRunListeners.environmentPrepared(SpringApplicationRunListeners.java:53)
	at org.springframework.boot.SpringApplication.prepareEnvironment(SpringApplication.java:342)
	at org.springframework.boot.SpringApplication.run(SpringApplication.java:307)
	at org.springframework.boot.builder.SpringApplicationBuilder.run(SpringApplicationBuilder.java:140)
	at org.springframework.cloud.bootstrap.BootstrapApplicationListener.bootstrapServiceContext(BootstrapApplicationListener.java:212)
	at org.springframework.cloud.bootstrap.BootstrapApplicationListener.onApplicationEvent(BootstrapApplicationListener.java:117)
	at org.springframework.cloud.bootstrap.BootstrapApplicationListener.onApplicationEvent(BootstrapApplicationListener.java:74)
	at org.springframework.context.event.SimpleApplicationEventMulticaster.doInvokeListener(SimpleApplicationEventMulticaster.java:172)
	at org.springframework.context.event.SimpleApplicationEventMulticaster.invokeListener(SimpleApplicationEventMulticaster.java:165)
	at org.springframework.context.event.SimpleApplicationEventMulticaster.multicastEvent(SimpleApplicationEventMulticaster.java:139)
	at org.springframework.context.event.SimpleApplicationEventMulticaster.multicastEvent(SimpleApplicationEventMulticaster.java:127)
	at org.springframework.boot.context.event.EventPublishingRunListener.environmentPrepared(EventPublishingRunListener.java:80)
	at org.springframework.boot.SpringApplicationRunListeners.environmentPrepared(SpringApplicationRunListeners.java:53)
	at org.springframework.boot.SpringApplication.prepareEnvironment(SpringApplication.java:342)
	at org.springframework.boot.SpringApplication.run(SpringApplication.java:307)
	at org.springframework.boot.SpringApplication.run(SpringApplication.java:1247)
	at org.springframework.boot.SpringApplication.run(SpringApplication.java:1236)
	at com.study.OrderApplication.main(OrderApplication.java:32)
2023-08-08 23:12:36.432 -  ERROR - [           main] i.s.c.r.netty.NettyClientChannelManager  : can not get cluster name in registry config 'service.vgroupMapping.default_tx_group', please make sure registry config correct
2023-08-08 23:12:37.958 -  ERROR - [           main] i.s.c.r.netty.NettyClientChannelManager  : can not get cluster name in registry config 'service.vgroupMapping.default_tx_group', please make sure registry config correct
2023-08-08 23:13:36.421 -  ERROR - [eoutChecker_1_1] i.s.c.r.netty.NettyClientChannelManager  : can not get cluster name in registry config 'service.vgroupMapping.default_tx_group', please make sure registry config correct
2023-08-08 23:13:36.453 -  ERROR - [eoutChecker_2_1] i.s.c.r.netty.NettyClientChannelManager  : can not get cluster name in registry config 'service.vgroupMapping.default_tx_group', please make sure registry config correct
2023-08-08 23:13:46.420 -  ERROR - [eoutChecker_1_1] i.s.c.r.netty.NettyClientChannelManager  : can not get cluster name in registry config 'service.vgroupMapping.default_tx_group', please make sure registry config correct
2023-08-08 23:13:46.451 -  ERROR - [eoutChecker_2_1] i.s.c.r.netty.NettyClientChannelManager  : can not get cluster name in registry config 'service.vgroupMapping.default_tx_group', please make sure registry config correct
2023-08-08 23:13:56.421 -  ERROR - [eoutChecker_1_1] i.s.c.r.netty.NettyClientChannelManager  : can not get cluster name in registry config 'service.vgroupMapping.default_tx_group', please make sure registry config correct
2023-08-08 23:13:56.453 -  ERROR - [eoutChecker_2_1] i.s.c.r.netty.NettyClientChannelManager  : can not get cluster name in registry config 'service.vgroupMapping.default_tx_group', please make sure registry config correct
2023-08-08 23:14:06.426 -  ERROR - [eoutChecker_1_1] i.s.c.r.netty.NettyClientChannelManager  : can not get cluster name in registry config 'service.vgroupMapping.default_tx_group', please make sure registry config correct
2023-08-08 23:14:06.458 -  ERROR - [eoutChecker_2_1] i.s.c.r.netty.NettyClientChannelManager  : can not get cluster name in registry config 'service.vgroupMapping.default_tx_group', please make sure registry config correct
2023-08-08 23:14:16.418 -  ERROR - [eoutChecker_1_1] i.s.c.r.netty.NettyClientChannelManager  : can not get cluster name in registry config 'service.vgroupMapping.default_tx_group', please make sure registry config correct
2023-08-08 23:14:16.450 -  ERROR - [eoutChecker_2_1] i.s.c.r.netty.NettyClientChannelManager  : can not get cluster name in registry config 'service.vgroupMapping.default_tx_group', please make sure registry config correct
2023-08-08 23:14:26.430 -  ERROR - [eoutChecker_1_1] i.s.c.r.netty.NettyClientChannelManager  : can not get cluster name in registry config 'service.vgroupMapping.default_tx_group', please make sure registry config correct
2023-08-08 23:14:26.446 -  ERROR - [eoutChecker_2_1] i.s.c.r.netty.NettyClientChannelManager  : can not get cluster name in registry config 'service.vgroupMapping.default_tx_group', please make sure registry config correct
2023-08-08 23:14:36.416 -  ERROR - [eoutChecker_1_1] i.s.c.r.netty.NettyClientChannelManager  : can not get cluster name in registry config 'service.vgroupMapping.default_tx_group', please make sure registry config correct
2023-08-08 23:14:36.448 -  ERROR - [eoutChecker_2_1] i.s.c.r.netty.NettyClientChannelManager  : can not get cluster name in registry config 'service.vgroupMapping.default_tx_group', please make sure registry config correct
2023-08-08 23:14:46.429 -  ERROR - [eoutChecker_1_1] i.s.c.r.netty.NettyClientChannelManager  : can not get cluster name in registry config 'service.vgroupMapping.default_tx_group', please make sure registry config correct
2023-08-08 23:14:46.444 -  ERROR - [eoutChecker_2_1] i.s.c.r.netty.NettyClientChannelManager  : can not get cluster name in registry config 'service.vgroupMapping.default_tx_group', please make sure registry config correct
2023-08-08 23:14:56.429 -  ERROR - [eoutChecker_1_1] i.s.c.r.netty.NettyClientChannelManager  : can not get cluster name in registry config 'service.vgroupMapping.default_tx_group', please make sure registry config correct
2023-08-08 23:14:56.444 -  ERROR - [eoutChecker_2_1] i.s.c.r.netty.NettyClientChannelManager  : can not get cluster name in registry config 'service.vgroupMapping.default_tx_group', please make sure registry config correct
2023-08-08 23:15:06.429 -  ERROR - [eoutChecker_1_1] i.s.c.r.netty.NettyClientChannelManager  : can not get cluster name in registry config 'service.vgroupMapping.default_tx_group', please make sure registry config correct
2023-08-08 23:15:06.461 -  ERROR - [eoutChecker_2_1] i.s.c.r.netty.NettyClientChannelManager  : can not get cluster name in registry config 'service.vgroupMapping.default_tx_group', please make sure registry config correct
2023-08-08 23:15:16.424 -  ERROR - [eoutChecker_1_1] i.s.c.r.netty.NettyClientChannelManager  : can not get cluster name in registry config 'service.vgroupMapping.default_tx_group', please make sure registry config correct
2023-08-08 23:15:16.454 -  ERROR - [eoutChecker_2_1] i.s.c.r.netty.NettyClientChannelManager  : can not get cluster name in registry config 'service.vgroupMapping.default_tx_group', please make sure registry config correct
2023-08-08 23:15:36.914 -  ERROR - [           main] i.s.c.r.netty.NettyClientChannelManager  : can not get cluster name in registry config 'service.vgroupMapping.default_tx_group', please make sure registry config correct
2023-08-08 23:15:38.489 -  ERROR - [           main] i.s.c.r.netty.NettyClientChannelManager  : can not get cluster name in registry config 'service.vgroupMapping.default_tx_group', please make sure registry config correct
2023-08-08 23:16:36.897 -  ERROR - [eoutChecker_1_1] i.s.c.r.netty.NettyClientChannelManager  : can not get cluster name in registry config 'service.vgroupMapping.default_tx_group', please make sure registry config correct
2023-08-08 23:16:36.929 -  ERROR - [eoutChecker_2_1] i.s.c.r.netty.NettyClientChannelManager  : can not get cluster name in registry config 'service.vgroupMapping.default_tx_group', please make sure registry config correct
2023-08-08 23:16:46.907 -  ERROR - [eoutChecker_1_1] i.s.c.r.netty.NettyClientChannelManager  : can not get cluster name in registry config 'service.vgroupMapping.default_tx_group', please make sure registry config correct
2023-08-08 23:16:46.939 -  ERROR - [eoutChecker_2_1] i.s.c.r.netty.NettyClientChannelManager  : can not get cluster name in registry config 'service.vgroupMapping.default_tx_group', please make sure registry config correct
2023-08-08 23:16:56.906 -  ERROR - [eoutChecker_1_1] i.s.c.r.netty.NettyClientChannelManager  : can not get cluster name in registry config 'service.vgroupMapping.default_tx_group', please make sure registry config correct
2023-08-08 23:16:56.939 -  ERROR - [eoutChecker_2_1] i.s.c.r.netty.NettyClientChannelManager  : can not get cluster name in registry config 'service.vgroupMapping.default_tx_group', please make sure registry config correct
2023-08-08 23:17:06.909 -  ERROR - [eoutChecker_1_1] i.s.c.r.netty.NettyClientChannelManager  : can not get cluster name in registry config 'service.vgroupMapping.default_tx_group', please make sure registry config correct
2023-08-08 23:17:06.940 -  ERROR - [eoutChecker_2_1] i.s.c.r.netty.NettyClientChannelManager  : can not get cluster name in registry config 'service.vgroupMapping.default_tx_group', please make sure registry config correct
2023-08-08 23:17:16.900 -  ERROR - [eoutChecker_1_1] i.s.c.r.netty.NettyClientChannelManager  : can not get cluster name in registry config 'service.vgroupMapping.default_tx_group', please make sure registry config correct
2023-08-08 23:17:16.932 -  ERROR - [eoutChecker_2_1] i.s.c.r.netty.NettyClientChannelManager  : can not get cluster name in registry config 'service.vgroupMapping.default_tx_group', please make sure registry config correct
2023-08-08 23:17:26.906 -  ERROR - [eoutChecker_1_1] i.s.c.r.netty.NettyClientChannelManager  : can not get cluster name in registry config 'service.vgroupMapping.default_tx_group', please make sure registry config correct
2023-08-08 23:17:26.937 -  ERROR - [eoutChecker_2_1] i.s.c.r.netty.NettyClientChannelManager  : can not get cluster name in registry config 'service.vgroupMapping.default_tx_group', please make sure registry config correct
2023-08-08 23:17:36.904 -  ERROR - [eoutChecker_1_1] i.s.c.r.netty.NettyClientChannelManager  : can not get cluster name in registry config 'service.vgroupMapping.default_tx_group', please make sure registry config correct
2023-08-08 23:17:36.936 -  ERROR - [eoutChecker_2_1] i.s.c.r.netty.NettyClientChannelManager  : can not get cluster name in registry config 'service.vgroupMapping.default_tx_group', please make sure registry config correct
2023-08-08 23:17:46.900 -  ERROR - [eoutChecker_1_1] i.s.c.r.netty.NettyClientChannelManager  : can not get cluster name in registry config 'service.vgroupMapping.default_tx_group', please make sure registry config correct
2023-08-08 23:17:46.932 -  ERROR - [eoutChecker_2_1] i.s.c.r.netty.NettyClientChannelManager  : can not get cluster name in registry config 'service.vgroupMapping.default_tx_group', please make sure registry config correct
2023-08-08 23:17:56.909 -  ERROR - [eoutChecker_1_1] i.s.c.r.netty.NettyClientChannelManager  : can not get cluster name in registry config 'service.vgroupMapping.default_tx_group', please make sure registry config correct
2023-08-08 23:17:56.940 -  ERROR - [eoutChecker_2_1] i.s.c.r.netty.NettyClientChannelManager  : can not get cluster name in registry config 'service.vgroupMapping.default_tx_group', please make sure registry config correct
2023-08-08 23:18:06.901 -  ERROR - [eoutChecker_1_1] i.s.c.r.netty.NettyClientChannelManager  : can not get cluster name in registry config 'service.vgroupMapping.default_tx_group', please make sure registry config correct
2023-08-08 23:18:06.932 -  ERROR - [eoutChecker_2_1] i.s.c.r.netty.NettyClientChannelManager  : can not get cluster name in registry config 'service.vgroupMapping.default_tx_group', please make sure registry config correct
2023-08-08 23:18:16.898 -  ERROR - [eoutChecker_1_1] i.s.c.r.netty.NettyClientChannelManager  : can not get cluster name in registry config 'service.vgroupMapping.default_tx_group', please make sure registry config correct
2023-08-08 23:18:16.929 -  ERROR - [eoutChecker_2_1] i.s.c.r.netty.NettyClientChannelManager  : can not get cluster name in registry config 'service.vgroupMapping.default_tx_group', please make sure registry config correct
2023-08-08 23:18:26.912 -  ERROR - [eoutChecker_1_1] i.s.c.r.netty.NettyClientChannelManager  : can not get cluster name in registry config 'service.vgroupMapping.default_tx_group', please make sure registry config correct
2023-08-08 23:18:26.928 -  ERROR - [eoutChecker_2_1] i.s.c.r.netty.NettyClientChannelManager  : can not get cluster name in registry config 'service.vgroupMapping.default_tx_group', please make sure registry config correct
2023-08-08 23:18:36.907 -  ERROR - [eoutChecker_1_1] i.s.c.r.netty.NettyClientChannelManager  : can not get cluster name in registry config 'service.vgroupMapping.default_tx_group', please make sure registry config correct
2023-08-08 23:18:36.937 -  ERROR - [eoutChecker_2_1] i.s.c.r.netty.NettyClientChannelManager  : can not get cluster name in registry config 'service.vgroupMapping.default_tx_group', please make sure registry config correct
2023-08-08 23:18:46.904 -  ERROR - [eoutChecker_1_1] i.s.c.r.netty.NettyClientChannelManager  : can not get cluster name in registry config 'service.vgroupMapping.default_tx_group', please make sure registry config correct
2023-08-08 23:18:46.936 -  ERROR - [eoutChecker_2_1] i.s.c.r.netty.NettyClientChannelManager  : can not get cluster name in registry config 'service.vgroupMapping.default_tx_group', please make sure registry config correct
2023-08-08 23:18:56.905 -  ERROR - [eoutChecker_1_1] i.s.c.r.netty.NettyClientChannelManager  : can not get cluster name in registry config 'service.vgroupMapping.default_tx_group', please make sure registry config correct
2023-08-08 23:18:56.937 -  ERROR - [eoutChecker_2_1] i.s.c.r.netty.NettyClientChannelManager  : can not get cluster name in registry config 'service.vgroupMapping.default_tx_group', please make sure registry config correct
2023-08-08 23:19:06.909 -  ERROR - [eoutChecker_1_1] i.s.c.r.netty.NettyClientChannelManager  : can not get cluster name in registry config 'service.vgroupMapping.default_tx_group', please make sure registry config correct
2023-08-08 23:19:06.940 -  ERROR - [eoutChecker_2_1] i.s.c.r.netty.NettyClientChannelManager  : can not get cluster name in registry config 'service.vgroupMapping.default_tx_group', please make sure registry config correct
2023-08-08 23:19:16.904 -  ERROR - [eoutChecker_1_1] i.s.c.r.netty.NettyClientChannelManager  : can not get cluster name in registry config 'service.vgroupMapping.default_tx_group', please make sure registry config correct
2023-08-08 23:19:16.936 -  ERROR - [eoutChecker_2_1] i.s.c.r.netty.NettyClientChannelManager  : can not get cluster name in registry config 'service.vgroupMapping.default_tx_group', please make sure registry config correct
2023-08-08 23:19:26.902 -  ERROR - [eoutChecker_1_1] i.s.c.r.netty.NettyClientChannelManager  : can not get cluster name in registry config 'service.vgroupMapping.default_tx_group', please make sure registry config correct
2023-08-08 23:19:26.935 -  ERROR - [eoutChecker_2_1] i.s.c.r.netty.NettyClientChannelManager  : can not get cluster name in registry config 'service.vgroupMapping.default_tx_group', please make sure registry config correct
2023-08-08 23:19:51.936 -  ERROR - [           main] i.s.c.r.netty.NettyClientChannelManager  : can not get cluster name in registry config 'service.vgroupMapping.default_tx_group', please make sure registry config correct
2023-08-08 23:19:53.478 -  ERROR - [           main] i.s.c.r.netty.NettyClientChannelManager  : can not get cluster name in registry config 'service.vgroupMapping.default_tx_group', please make sure registry config correct
2023-08-08 23:20:51.927 -  ERROR - [eoutChecker_1_1] i.s.c.r.netty.NettyClientChannelManager  : can not get cluster name in registry config 'service.vgroupMapping.default_tx_group', please make sure registry config correct
2023-08-08 23:20:51.958 -  ERROR - [eoutChecker_2_1] i.s.c.r.netty.NettyClientChannelManager  : can not get cluster name in registry config 'service.vgroupMapping.default_tx_group', please make sure registry config correct
2023-08-08 23:21:01.922 -  ERROR - [eoutChecker_1_1] i.s.c.r.netty.NettyClientChannelManager  : can not get cluster name in registry config 'service.vgroupMapping.default_tx_group', please make sure registry config correct
2023-08-08 23:21:01.954 -  ERROR - [eoutChecker_2_1] i.s.c.r.netty.NettyClientChannelManager  : can not get cluster name in registry config 'service.vgroupMapping.default_tx_group', please make sure registry config correct
2023-08-08 23:21:11.925 -  ERROR - [eoutChecker_1_1] i.s.c.r.netty.NettyClientChannelManager  : can not get cluster name in registry config 'service.vgroupMapping.default_tx_group', please make sure registry config correct
2023-08-08 23:21:11.956 -  ERROR - [eoutChecker_2_1] i.s.c.r.netty.NettyClientChannelManager  : can not get cluster name in registry config 'service.vgroupMapping.default_tx_group', please make sure registry config correct
2023-08-08 23:21:21.922 -  ERROR - [eoutChecker_1_1] i.s.c.r.netty.NettyClientChannelManager  : can not get cluster name in registry config 'service.vgroupMapping.default_tx_group', please make sure registry config correct
2023-08-08 23:21:21.952 -  ERROR - [eoutChecker_2_1] i.s.c.r.netty.NettyClientChannelManager  : can not get cluster name in registry config 'service.vgroupMapping.default_tx_group', please make sure registry config correct
2023-08-08 23:21:31.926 -  ERROR - [eoutChecker_1_1] i.s.c.r.netty.NettyClientChannelManager  : can not get cluster name in registry config 'service.vgroupMapping.default_tx_group', please make sure registry config correct
2023-08-08 23:21:31.958 -  ERROR - [eoutChecker_2_1] i.s.c.r.netty.NettyClientChannelManager  : can not get cluster name in registry config 'service.vgroupMapping.default_tx_group', please make sure registry config correct
2023-08-08 23:21:41.919 -  ERROR - [eoutChecker_1_1] i.s.c.r.netty.NettyClientChannelManager  : can not get cluster name in registry config 'service.vgroupMapping.default_tx_group', please make sure registry config correct
2023-08-08 23:21:41.950 -  ERROR - [eoutChecker_2_1] i.s.c.r.netty.NettyClientChannelManager  : can not get cluster name in registry config 'service.vgroupMapping.default_tx_group', please make sure registry config correct
2023-08-08 23:21:51.919 -  ERROR - [eoutChecker_1_1] i.s.c.r.netty.NettyClientChannelManager  : can not get cluster name in registry config 'service.vgroupMapping.default_tx_group', please make sure registry config correct
2023-08-08 23:21:51.951 -  ERROR - [eoutChecker_2_1] i.s.c.r.netty.NettyClientChannelManager  : can not get cluster name in registry config 'service.vgroupMapping.default_tx_group', please make sure registry config correct
2023-08-08 23:22:01.923 -  ERROR - [eoutChecker_1_1] i.s.c.r.netty.NettyClientChannelManager  : can not get cluster name in registry config 'service.vgroupMapping.default_tx_group', please make sure registry config correct
2023-08-08 23:22:01.955 -  ERROR - [eoutChecker_2_1] i.s.c.r.netty.NettyClientChannelManager  : can not get cluster name in registry config 'service.vgroupMapping.default_tx_group', please make sure registry config correct
2023-08-08 23:22:11.935 -  ERROR - [eoutChecker_1_1] i.s.c.r.netty.NettyClientChannelManager  : can not get cluster name in registry config 'service.vgroupMapping.default_tx_group', please make sure registry config correct
2023-08-08 23:22:11.951 -  ERROR - [eoutChecker_2_1] i.s.c.r.netty.NettyClientChannelManager  : can not get cluster name in registry config 'service.vgroupMapping.default_tx_group', please make sure registry config correct
2023-08-08 23:22:21.930 -  ERROR - [eoutChecker_1_1] i.s.c.r.netty.NettyClientChannelManager  : can not get cluster name in registry config 'service.vgroupMapping.default_tx_group', please make sure registry config correct
2023-08-08 23:22:21.961 -  ERROR - [eoutChecker_2_1] i.s.c.r.netty.NettyClientChannelManager  : can not get cluster name in registry config 'service.vgroupMapping.default_tx_group', please make sure registry config correct
2023-08-08 23:22:31.922 -  ERROR - [eoutChecker_1_1] i.s.c.r.netty.NettyClientChannelManager  : can not get cluster name in registry config 'service.vgroupMapping.default_tx_group', please make sure registry config correct
2023-08-08 23:22:31.954 -  ERROR - [eoutChecker_2_1] i.s.c.r.netty.NettyClientChannelManager  : can not get cluster name in registry config 'service.vgroupMapping.default_tx_group', please make sure registry config correct
2023-08-08 23:22:41.921 -  ERROR - [eoutChecker_1_1] i.s.c.r.netty.NettyClientChannelManager  : can not get cluster name in registry config 'service.vgroupMapping.default_tx_group', please make sure registry config correct
2023-08-08 23:22:41.953 -  ERROR - [eoutChecker_2_1] i.s.c.r.netty.NettyClientChannelManager  : can not get cluster name in registry config 'service.vgroupMapping.default_tx_group', please make sure registry config correct
2023-08-08 23:22:51.931 -  ERROR - [eoutChecker_1_1] i.s.c.r.netty.NettyClientChannelManager  : can not get cluster name in registry config 'service.vgroupMapping.default_tx_group', please make sure registry config correct
2023-08-08 23:22:51.963 -  ERROR - [eoutChecker_2_1] i.s.c.r.netty.NettyClientChannelManager  : can not get cluster name in registry config 'service.vgroupMapping.default_tx_group', please make sure registry config correct
2023-08-08 23:23:01.925 -  ERROR - [eoutChecker_1_1] i.s.c.r.netty.NettyClientChannelManager  : can not get cluster name in registry config 'service.vgroupMapping.default_tx_group', please make sure registry config correct
2023-08-08 23:23:01.957 -  ERROR - [eoutChecker_2_1] i.s.c.r.netty.NettyClientChannelManager  : can not get cluster name in registry config 'service.vgroupMapping.default_tx_group', please make sure registry config correct
2023-08-08 23:23:11.931 -  ERROR - [eoutChecker_1_1] i.s.c.r.netty.NettyClientChannelManager  : can not get cluster name in registry config 'service.vgroupMapping.default_tx_group', please make sure registry config correct
2023-08-08 23:23:11.963 -  ERROR - [eoutChecker_2_1] i.s.c.r.netty.NettyClientChannelManager  : can not get cluster name in registry config 'service.vgroupMapping.default_tx_group', please make sure registry config correct
2023-08-08 23:23:21.925 -  ERROR - [eoutChecker_1_1] i.s.c.r.netty.NettyClientChannelManager  : can not get cluster name in registry config 'service.vgroupMapping.default_tx_group', please make sure registry config correct
2023-08-08 23:23:21.957 -  ERROR - [eoutChecker_2_1] i.s.c.r.netty.NettyClientChannelManager  : can not get cluster name in registry config 'service.vgroupMapping.default_tx_group', please make sure registry config correct
2023-08-08 23:23:31.924 -  ERROR - [eoutChecker_1_1] i.s.c.r.netty.NettyClientChannelManager  : can not get cluster name in registry config 'service.vgroupMapping.default_tx_group', please make sure registry config correct
2023-08-08 23:23:31.955 -  ERROR - [eoutChecker_2_1] i.s.c.r.netty.NettyClientChannelManager  : can not get cluster name in registry config 'service.vgroupMapping.default_tx_group', please make sure registry config correct
2023-08-08 23:23:41.933 -  ERROR - [eoutChecker_1_1] i.s.c.r.netty.NettyClientChannelManager  : can not get cluster name in registry config 'service.vgroupMapping.default_tx_group', please make sure registry config correct
2023-08-08 23:23:41.949 -  ERROR - [eoutChecker_2_1] i.s.c.r.netty.NettyClientChannelManager  : can not get cluster name in registry config 'service.vgroupMapping.default_tx_group', please make sure registry config correct
2023-08-08 23:23:51.932 -  ERROR - [eoutChecker_1_1] i.s.c.r.netty.NettyClientChannelManager  : can not get cluster name in registry config 'service.vgroupMapping.default_tx_group', please make sure registry config correct
2023-08-08 23:23:51.948 -  ERROR - [eoutChecker_2_1] i.s.c.r.netty.NettyClientChannelManager  : can not get cluster name in registry config 'service.vgroupMapping.default_tx_group', please make sure registry config correct
2023-08-08 23:24:01.930 -  ERROR - [eoutChecker_1_1] i.s.c.r.netty.NettyClientChannelManager  : can not get cluster name in registry config 'service.vgroupMapping.default_tx_group', please make sure registry config correct
2023-08-08 23:24:01.961 -  ERROR - [eoutChecker_2_1] i.s.c.r.netty.NettyClientChannelManager  : can not get cluster name in registry config 'service.vgroupMapping.default_tx_group', please make sure registry config correct
2023-08-08 23:24:11.935 -  ERROR - [eoutChecker_1_1] i.s.c.r.netty.NettyClientChannelManager  : can not get cluster name in registry config 'service.vgroupMapping.default_tx_group', please make sure registry config correct
2023-08-08 23:24:11.951 -  ERROR - [eoutChecker_2_1] i.s.c.r.netty.NettyClientChannelManager  : can not get cluster name in registry config 'service.vgroupMapping.default_tx_group', please make sure registry config correct
2023-08-08 23:24:21.924 -  ERROR - [eoutChecker_1_1] i.s.c.r.netty.NettyClientChannelManager  : can not get cluster name in registry config 'service.vgroupMapping.default_tx_group', please make sure registry config correct
2023-08-08 23:24:21.956 -  ERROR - [eoutChecker_2_1] i.s.c.r.netty.NettyClientChannelManager  : can not get cluster name in registry config 'service.vgroupMapping.default_tx_group', please make sure registry config correct
2023-08-08 23:24:31.923 -  ERROR - [eoutChecker_1_1] i.s.c.r.netty.NettyClientChannelManager  : can not get cluster name in registry config 'service.vgroupMapping.default_tx_group', please make sure registry config correct
2023-08-08 23:24:31.954 -  ERROR - [eoutChecker_2_1] i.s.c.r.netty.NettyClientChannelManager  : can not get cluster name in registry config 'service.vgroupMapping.default_tx_group', please make sure registry config correct
2023-08-08 23:24:41.932 -  ERROR - [eoutChecker_1_1] i.s.c.r.netty.NettyClientChannelManager  : can not get cluster name in registry config 'service.vgroupMapping.default_tx_group', please make sure registry config correct
2023-08-08 23:24:41.964 -  ERROR - [eoutChecker_2_1] i.s.c.r.netty.NettyClientChannelManager  : can not get cluster name in registry config 'service.vgroupMapping.default_tx_group', please make sure registry config correct
2023-08-08 23:24:51.923 -  ERROR - [eoutChecker_1_1] i.s.c.r.netty.NettyClientChannelManager  : can not get cluster name in registry config 'service.vgroupMapping.default_tx_group', please make sure registry config correct
2023-08-08 23:24:51.955 -  ERROR - [eoutChecker_2_1] i.s.c.r.netty.NettyClientChannelManager  : can not get cluster name in registry config 'service.vgroupMapping.default_tx_group', please make sure registry config correct
2023-08-08 23:25:01.929 -  ERROR - [eoutChecker_1_1] i.s.c.r.netty.NettyClientChannelManager  : can not get cluster name in registry config 'service.vgroupMapping.default_tx_group', please make sure registry config correct
2023-08-08 23:25:01.961 -  ERROR - [eoutChecker_2_1] i.s.c.r.netty.NettyClientChannelManager  : can not get cluster name in registry config 'service.vgroupMapping.default_tx_group', please make sure registry config correct
2023-08-08 23:25:16.119 -  ERROR - [           main] i.s.c.r.netty.NettyClientChannelManager  : can not get cluster name in registry config 'service.vgroupMapping.default_tx_group', please make sure registry config correct
2023-08-08 23:25:17.821 -  ERROR - [           main] i.s.c.r.netty.NettyClientChannelManager  : can not get cluster name in registry config 'service.vgroupMapping.default_tx_group', please make sure registry config correct
2023-08-08 23:26:16.112 -  ERROR - [eoutChecker_1_1] i.s.c.r.netty.NettyClientChannelManager  : can not get cluster name in registry config 'service.vgroupMapping.default_tx_group', please make sure registry config correct
2023-08-08 23:26:16.144 -  ERROR - [eoutChecker_2_1] i.s.c.r.netty.NettyClientChannelManager  : can not get cluster name in registry config 'service.vgroupMapping.default_tx_group', please make sure registry config correct
2023-08-08 23:26:26.102 -  ERROR - [eoutChecker_1_1] i.s.c.r.netty.NettyClientChannelManager  : can not get cluster name in registry config 'service.vgroupMapping.default_tx_group', please make sure registry config correct
2023-08-08 23:26:26.133 -  ERROR - [eoutChecker_2_1] i.s.c.r.netty.NettyClientChannelManager  : can not get cluster name in registry config 'service.vgroupMapping.default_tx_group', please make sure registry config correct
2023-08-08 23:26:36.108 -  ERROR - [eoutChecker_1_1] i.s.c.r.netty.NettyClientChannelManager  : can not get cluster name in registry config 'service.vgroupMapping.default_tx_group', please make sure registry config correct
2023-08-08 23:26:36.138 -  ERROR - [eoutChecker_2_1] i.s.c.r.netty.NettyClientChannelManager  : can not get cluster name in registry config 'service.vgroupMapping.default_tx_group', please make sure registry config correct
2023-08-08 23:26:46.105 -  ERROR - [eoutChecker_1_1] i.s.c.r.netty.NettyClientChannelManager  : can not get cluster name in registry config 'service.vgroupMapping.default_tx_group', please make sure registry config correct
2023-08-08 23:26:46.137 -  ERROR - [eoutChecker_2_1] i.s.c.r.netty.NettyClientChannelManager  : can not get cluster name in registry config 'service.vgroupMapping.default_tx_group', please make sure registry config correct
2023-08-08 23:26:56.114 -  ERROR - [eoutChecker_1_1] i.s.c.r.netty.NettyClientChannelManager  : can not get cluster name in registry config 'service.vgroupMapping.default_tx_group', please make sure registry config correct
2023-08-08 23:26:56.146 -  ERROR - [eoutChecker_2_1] i.s.c.r.netty.NettyClientChannelManager  : can not get cluster name in registry config 'service.vgroupMapping.default_tx_group', please make sure registry config correct
2023-08-08 23:27:06.104 -  ERROR - [eoutChecker_1_1] i.s.c.r.netty.NettyClientChannelManager  : can not get cluster name in registry config 'service.vgroupMapping.default_tx_group', please make sure registry config correct
2023-08-08 23:27:06.135 -  ERROR - [eoutChecker_2_1] i.s.c.r.netty.NettyClientChannelManager  : can not get cluster name in registry config 'service.vgroupMapping.default_tx_group', please make sure registry config correct
2023-08-08 23:27:16.102 -  ERROR - [eoutChecker_1_1] i.s.c.r.netty.NettyClientChannelManager  : can not get cluster name in registry config 'service.vgroupMapping.default_tx_group', please make sure registry config correct
2023-08-08 23:27:16.133 -  ERROR - [eoutChecker_2_1] i.s.c.r.netty.NettyClientChannelManager  : can not get cluster name in registry config 'service.vgroupMapping.default_tx_group', please make sure registry config correct
2023-08-08 23:27:26.113 -  ERROR - [eoutChecker_1_1] i.s.c.r.netty.NettyClientChannelManager  : can not get cluster name in registry config 'service.vgroupMapping.default_tx_group', please make sure registry config correct
2023-08-08 23:27:26.145 -  ERROR - [eoutChecker_2_1] i.s.c.r.netty.NettyClientChannelManager  : can not get cluster name in registry config 'service.vgroupMapping.default_tx_group', please make sure registry config correct
2023-08-08 23:27:36.102 -  ERROR - [eoutChecker_1_1] i.s.c.r.netty.NettyClientChannelManager  : can not get cluster name in registry config 'service.vgroupMapping.default_tx_group', please make sure registry config correct
2023-08-08 23:27:36.134 -  ERROR - [eoutChecker_2_1] i.s.c.r.netty.NettyClientChannelManager  : can not get cluster name in registry config 'service.vgroupMapping.default_tx_group', please make sure registry config correct
2023-08-08 23:27:46.106 -  ERROR - [eoutChecker_1_1] i.s.c.r.netty.NettyClientChannelManager  : can not get cluster name in registry config 'service.vgroupMapping.default_tx_group', please make sure registry config correct
2023-08-08 23:27:46.138 -  ERROR - [eoutChecker_2_1] i.s.c.r.netty.NettyClientChannelManager  : can not get cluster name in registry config 'service.vgroupMapping.default_tx_group', please make sure registry config correct
2023-08-08 23:27:56.107 -  ERROR - [eoutChecker_1_1] i.s.c.r.netty.NettyClientChannelManager  : can not get cluster name in registry config 'service.vgroupMapping.default_tx_group', please make sure registry config correct
2023-08-08 23:27:56.138 -  ERROR - [eoutChecker_2_1] i.s.c.r.netty.NettyClientChannelManager  : can not get cluster name in registry config 'service.vgroupMapping.default_tx_group', please make sure registry config correct
2023-08-08 23:28:06.109 -  ERROR - [eoutChecker_1_1] i.s.c.r.netty.NettyClientChannelManager  : can not get cluster name in registry config 'service.vgroupMapping.default_tx_group', please make sure registry config correct
2023-08-08 23:28:06.140 -  ERROR - [eoutChecker_2_1] i.s.c.r.netty.NettyClientChannelManager  : can not get cluster name in registry config 'service.vgroupMapping.default_tx_group', please make sure registry config correct
2023-08-08 23:28:16.115 -  ERROR - [eoutChecker_1_1] i.s.c.r.netty.NettyClientChannelManager  : can not get cluster name in registry config 'service.vgroupMapping.default_tx_group', please make sure registry config correct
2023-08-08 23:28:16.146 -  ERROR - [eoutChecker_2_1] i.s.c.r.netty.NettyClientChannelManager  : can not get cluster name in registry config 'service.vgroupMapping.default_tx_group', please make sure registry config correct
2023-08-08 23:28:26.112 -  ERROR - [eoutChecker_1_1] i.s.c.r.netty.NettyClientChannelManager  : can not get cluster name in registry config 'service.vgroupMapping.default_tx_group', please make sure registry config correct
2023-08-08 23:28:26.144 -  ERROR - [eoutChecker_2_1] i.s.c.r.netty.NettyClientChannelManager  : can not get cluster name in registry config 'service.vgroupMapping.default_tx_group', please make sure registry config correct
2023-08-08 23:28:36.105 -  ERROR - [eoutChecker_1_1] i.s.c.r.netty.NettyClientChannelManager  : can not get cluster name in registry config 'service.vgroupMapping.default_tx_group', please make sure registry config correct
2023-08-08 23:28:36.137 -  ERROR - [eoutChecker_2_1] i.s.c.r.netty.NettyClientChannelManager  : can not get cluster name in registry config 'service.vgroupMapping.default_tx_group', please make sure registry config correct
2023-08-08 23:28:46.106 -  ERROR - [eoutChecker_1_1] i.s.c.r.netty.NettyClientChannelManager  : can not get cluster name in registry config 'service.vgroupMapping.default_tx_group', please make sure registry config correct
2023-08-08 23:28:46.138 -  ERROR - [eoutChecker_2_1] i.s.c.r.netty.NettyClientChannelManager  : can not get cluster name in registry config 'service.vgroupMapping.default_tx_group', please make sure registry config correct
2023-08-08 23:28:56.114 -  ERROR - [eoutChecker_1_1] i.s.c.r.netty.NettyClientChannelManager  : can not get cluster name in registry config 'service.vgroupMapping.default_tx_group', please make sure registry config correct
2023-08-08 23:28:56.146 -  ERROR - [eoutChecker_2_1] i.s.c.r.netty.NettyClientChannelManager  : can not get cluster name in registry config 'service.vgroupMapping.default_tx_group', please make sure registry config correct
2023-08-08 23:29:06.107 -  ERROR - [eoutChecker_1_1] i.s.c.r.netty.NettyClientChannelManager  : can not get cluster name in registry config 'service.vgroupMapping.default_tx_group', please make sure registry config correct
2023-08-08 23:29:06.139 -  ERROR - [eoutChecker_2_1] i.s.c.r.netty.NettyClientChannelManager  : can not get cluster name in registry config 'service.vgroupMapping.default_tx_group', please make sure registry config correct
2023-08-08 23:29:16.114 -  ERROR - [eoutChecker_1_1] i.s.c.r.netty.NettyClientChannelManager  : can not get cluster name in registry config 'service.vgroupMapping.default_tx_group', please make sure registry config correct
2023-08-08 23:29:16.146 -  ERROR - [eoutChecker_2_1] i.s.c.r.netty.NettyClientChannelManager  : can not get cluster name in registry config 'service.vgroupMapping.default_tx_group', please make sure registry config correct
2023-08-08 23:29:26.113 -  ERROR - [eoutChecker_1_1] i.s.c.r.netty.NettyClientChannelManager  : can not get cluster name in registry config 'service.vgroupMapping.default_tx_group', please make sure registry config correct
2023-08-08 23:29:26.145 -  ERROR - [eoutChecker_2_1] i.s.c.r.netty.NettyClientChannelManager  : can not get cluster name in registry config 'service.vgroupMapping.default_tx_group', please make sure registry config correct
2023-08-08 23:29:36.107 -  ERROR - [eoutChecker_1_1] i.s.c.r.netty.NettyClientChannelManager  : can not get cluster name in registry config 'service.vgroupMapping.default_tx_group', please make sure registry config correct
2023-08-08 23:29:36.139 -  ERROR - [eoutChecker_2_1] i.s.c.r.netty.NettyClientChannelManager  : can not get cluster name in registry config 'service.vgroupMapping.default_tx_group', please make sure registry config correct
2023-08-08 23:29:46.107 -  ERROR - [eoutChecker_1_1] i.s.c.r.netty.NettyClientChannelManager  : can not get cluster name in registry config 'service.vgroupMapping.default_tx_group', please make sure registry config correct
2023-08-08 23:29:46.138 -  ERROR - [eoutChecker_2_1] i.s.c.r.netty.NettyClientChannelManager  : can not get cluster name in registry config 'service.vgroupMapping.default_tx_group', please make sure registry config correct
2023-08-08 23:29:56.103 -  ERROR - [eoutChecker_1_1] i.s.c.r.netty.NettyClientChannelManager  : can not get cluster name in registry config 'service.vgroupMapping.default_tx_group', please make sure registry config correct
2023-08-08 23:29:56.134 -  ERROR - [eoutChecker_2_1] i.s.c.r.netty.NettyClientChannelManager  : can not get cluster name in registry config 'service.vgroupMapping.default_tx_group', please make sure registry config correct
2023-08-08 23:30:06.110 -  ERROR - [eoutChecker_1_1] i.s.c.r.netty.NettyClientChannelManager  : can not get cluster name in registry config 'service.vgroupMapping.default_tx_group', please make sure registry config correct
2023-08-08 23:30:06.142 -  ERROR - [eoutChecker_2_1] i.s.c.r.netty.NettyClientChannelManager  : can not get cluster name in registry config 'service.vgroupMapping.default_tx_group', please make sure registry config correct
2023-08-08 23:30:16.103 -  ERROR - [eoutChecker_1_1] i.s.c.r.netty.NettyClientChannelManager  : can not get cluster name in registry config 'service.vgroupMapping.default_tx_group', please make sure registry config correct
2023-08-08 23:30:16.135 -  ERROR - [eoutChecker_2_1] i.s.c.r.netty.NettyClientChannelManager  : can not get cluster name in registry config 'service.vgroupMapping.default_tx_group', please make sure registry config correct
